<?xml version="1.0" encoding="UTF-8"?>
<testsuite xmlns:xsi="http://www.w3.org/2001/XMLSchema-instance" xsi:noNamespaceSchemaLocation="https://maven.apache.org/surefire/maven-surefire-plugin/xsd/surefire-test-report.xsd" name="TestRunner" time="12.482" tests="1" errors="1" skipped="0" failures="0">
  <properties>
    <property name="java.specification.version" value="19"/>
    <property name="sun.jnu.encoding" value="UTF-8"/>
    <property name="java.class.path" value="/Users/egecan/Documents/GitHub/Appium-Test-Sample/target/test-classes:/Users/egecan/Documents/GitHub/Appium-Test-Sample/target/classes:/Users/egecan/.m2/repository/junit/junit/4.11/junit-4.11.jar:/Users/egecan/.m2/repository/org/hamcrest/hamcrest-core/1.3/hamcrest-core-1.3.jar:/Users/egecan/.m2/repository/io/cucumber/cucumber-java/7.10.1/cucumber-java-7.10.1.jar:/Users/egecan/.m2/repository/org/apiguardian/apiguardian-api/1.1.2/apiguardian-api-1.1.2.jar:/Users/egecan/.m2/repository/io/cucumber/cucumber-core/7.10.1/cucumber-core-7.10.1.jar:/Users/egecan/.m2/repository/io/cucumber/cucumber-gherkin/7.10.1/cucumber-gherkin-7.10.1.jar:/Users/egecan/.m2/repository/io/cucumber/cucumber-gherkin-messages/7.10.1/cucumber-gherkin-messages-7.10.1.jar:/Users/egecan/.m2/repository/io/cucumber/gherkin/25.0.2/gherkin-25.0.2.jar:/Users/egecan/.m2/repository/io/cucumber/messages/19.1.4/messages-19.1.4.jar:/Users/egecan/.m2/repository/io/cucumber/tag-expressions/4.1.0/tag-expressions-4.1.0.jar:/Users/egecan/.m2/repository/io/cucumber/cucumber-expressions/16.1.1/cucumber-expressions-16.1.1.jar:/Users/egecan/.m2/repository/io/cucumber/cucumber-plugin/7.10.1/cucumber-plugin-7.10.1.jar:/Users/egecan/.m2/repository/io/cucumber/docstring/7.10.1/docstring-7.10.1.jar:/Users/egecan/.m2/repository/io/cucumber/html-formatter/20.2.0/html-formatter-20.2.0.jar:/Users/egecan/.m2/repository/io/cucumber/ci-environment/9.1.0/ci-environment-9.1.0.jar:/Users/egecan/.m2/repository/io/cucumber/cucumber-junit/7.10.1/cucumber-junit-7.10.1.jar:/Users/egecan/.m2/repository/io/cucumber/datatable/7.10.1/datatable-7.10.1.jar:/Users/egecan/.m2/repository/io/cucumber/datatable-dependencies/3.0.0/datatable-dependencies-3.0.0.jar:/Users/egecan/.m2/repository/org/seleniumhq/selenium/selenium-java/4.7.1/selenium-java-4.7.1.jar:/Users/egecan/.m2/repository/org/seleniumhq/selenium/selenium-chrome-driver/4.7.1/selenium-chrome-driver-4.7.1.jar:/Users/egecan/.m2/repository/com/google/auto/service/auto-service-annotations/1.0.1/auto-service-annotations-1.0.1.jar:/Users/egecan/.m2/repository/com/google/auto/service/auto-service/1.0.1/auto-service-1.0.1.jar:/Users/egecan/.m2/repository/com/google/auto/auto-common/1.2/auto-common-1.2.jar:/Users/egecan/.m2/repository/com/google/guava/guava/31.1-jre/guava-31.1-jre.jar:/Users/egecan/.m2/repository/com/google/guava/failureaccess/1.0.1/failureaccess-1.0.1.jar:/Users/egecan/.m2/repository/com/google/guava/listenablefuture/9999.0-empty-to-avoid-conflict-with-guava/listenablefuture-9999.0-empty-to-avoid-conflict-with-guava.jar:/Users/egecan/.m2/repository/com/google/code/findbugs/jsr305/3.0.2/jsr305-3.0.2.jar:/Users/egecan/.m2/repository/org/checkerframework/checker-qual/3.12.0/checker-qual-3.12.0.jar:/Users/egecan/.m2/repository/com/google/errorprone/error_prone_annotations/2.11.0/error_prone_annotations-2.11.0.jar:/Users/egecan/.m2/repository/com/google/j2objc/j2objc-annotations/1.3/j2objc-annotations-1.3.jar:/Users/egecan/.m2/repository/org/seleniumhq/selenium/selenium-chromium-driver/4.7.1/selenium-chromium-driver-4.7.1.jar:/Users/egecan/.m2/repository/org/seleniumhq/selenium/selenium-json/4.7.1/selenium-json-4.7.1.jar:/Users/egecan/.m2/repository/org/seleniumhq/selenium/selenium-devtools-v106/4.7.1/selenium-devtools-v106-4.7.1.jar:/Users/egecan/.m2/repository/org/seleniumhq/selenium/selenium-devtools-v107/4.7.1/selenium-devtools-v107-4.7.1.jar:/Users/egecan/.m2/repository/org/seleniumhq/selenium/selenium-devtools-v108/4.7.1/selenium-devtools-v108-4.7.1.jar:/Users/egecan/.m2/repository/org/seleniumhq/selenium/selenium-devtools-v85/4.7.1/selenium-devtools-v85-4.7.1.jar:/Users/egecan/.m2/repository/org/seleniumhq/selenium/selenium-edge-driver/4.7.1/selenium-edge-driver-4.7.1.jar:/Users/egecan/.m2/repository/org/seleniumhq/selenium/selenium-firefox-driver/4.7.1/selenium-firefox-driver-4.7.1.jar:/Users/egecan/.m2/repository/org/seleniumhq/selenium/selenium-http/4.7.1/selenium-http-4.7.1.jar:/Users/egecan/.m2/repository/dev/failsafe/failsafe/3.3.0/failsafe-3.3.0.jar:/Users/egecan/.m2/repository/org/seleniumhq/selenium/selenium-ie-driver/4.7.1/selenium-ie-driver-4.7.1.jar:/Users/egecan/.m2/repository/org/seleniumhq/selenium/selenium-remote-driver/4.7.1/selenium-remote-driver-4.7.1.jar:/Users/egecan/.m2/repository/com/beust/jcommander/1.82/jcommander-1.82.jar:/Users/egecan/.m2/repository/io/netty/netty-buffer/4.1.84.Final/netty-buffer-4.1.84.Final.jar:/Users/egecan/.m2/repository/io/netty/netty-codec-http/4.1.84.Final/netty-codec-http-4.1.84.Final.jar:/Users/egecan/.m2/repository/io/netty/netty-codec/4.1.84.Final/netty-codec-4.1.84.Final.jar:/Users/egecan/.m2/repository/io/netty/netty-handler/4.1.84.Final/netty-handler-4.1.84.Final.jar:/Users/egecan/.m2/repository/io/netty/netty-common/4.1.84.Final/netty-common-4.1.84.Final.jar:/Users/egecan/.m2/repository/io/netty/netty-transport-classes-epoll/4.1.84.Final/netty-transport-classes-epoll-4.1.84.Final.jar:/Users/egecan/.m2/repository/io/netty/netty-transport-classes-kqueue/4.1.84.Final/netty-transport-classes-kqueue-4.1.84.Final.jar:/Users/egecan/.m2/repository/io/netty/netty-transport-native-epoll/4.1.84.Final/netty-transport-native-epoll-4.1.84.Final.jar:/Users/egecan/.m2/repository/io/netty/netty-transport-native-kqueue/4.1.84.Final/netty-transport-native-kqueue-4.1.84.Final.jar:/Users/egecan/.m2/repository/io/netty/netty-transport-native-unix-common/4.1.84.Final/netty-transport-native-unix-common-4.1.84.Final.jar:/Users/egecan/.m2/repository/io/netty/netty-transport/4.1.84.Final/netty-transport-4.1.84.Final.jar:/Users/egecan/.m2/repository/io/netty/netty-resolver/4.1.84.Final/netty-resolver-4.1.84.Final.jar:/Users/egecan/.m2/repository/io/opentelemetry/opentelemetry-api/1.19.0/opentelemetry-api-1.19.0.jar:/Users/egecan/.m2/repository/io/opentelemetry/opentelemetry-context/1.19.0/opentelemetry-context-1.19.0.jar:/Users/egecan/.m2/repository/io/opentelemetry/opentelemetry-exporter-logging/1.19.0/opentelemetry-exporter-logging-1.19.0.jar:/Users/egecan/.m2/repository/io/opentelemetry/opentelemetry-sdk-metrics/1.19.0/opentelemetry-sdk-metrics-1.19.0.jar:/Users/egecan/.m2/repository/io/opentelemetry/opentelemetry-sdk-logs/1.19.0-alpha/opentelemetry-sdk-logs-1.19.0-alpha.jar:/Users/egecan/.m2/repository/io/opentelemetry/opentelemetry-api-logs/1.19.0-alpha/opentelemetry-api-logs-1.19.0-alpha.jar:/Users/egecan/.m2/repository/io/opentelemetry/opentelemetry-sdk-common/1.19.0/opentelemetry-sdk-common-1.19.0.jar:/Users/egecan/.m2/repository/io/opentelemetry/opentelemetry-sdk-extension-autoconfigure-spi/1.19.0/opentelemetry-sdk-extension-autoconfigure-spi-1.19.0.jar:/Users/egecan/.m2/repository/io/opentelemetry/opentelemetry-sdk-extension-autoconfigure/1.19.0-alpha/opentelemetry-sdk-extension-autoconfigure-1.19.0-alpha.jar:/Users/egecan/.m2/repository/io/opentelemetry/opentelemetry-exporter-common/1.19.0/opentelemetry-exporter-common-1.19.0.jar:/Users/egecan/.m2/repository/io/opentelemetry/opentelemetry-sdk-trace/1.19.0/opentelemetry-sdk-trace-1.19.0.jar:/Users/egecan/.m2/repository/io/opentelemetry/opentelemetry-sdk/1.19.0/opentelemetry-sdk-1.19.0.jar:/Users/egecan/.m2/repository/io/opentelemetry/opentelemetry-semconv/1.19.0-alpha/opentelemetry-semconv-1.19.0-alpha.jar:/Users/egecan/.m2/repository/io/ous/jtoml/2.0.0/jtoml-2.0.0.jar:/Users/egecan/.m2/repository/net/bytebuddy/byte-buddy/1.12.18/byte-buddy-1.12.18.jar:/Users/egecan/.m2/repository/org/apache/commons/commons-exec/1.3/commons-exec-1.3.jar:/Users/egecan/.m2/repository/org/asynchttpclient/async-http-client/2.12.3/async-http-client-2.12.3.jar:/Users/egecan/.m2/repository/org/asynchttpclient/async-http-client-netty-utils/2.12.3/async-http-client-netty-utils-2.12.3.jar:/Users/egecan/.m2/repository/io/netty/netty-codec-socks/4.1.60.Final/netty-codec-socks-4.1.60.Final.jar:/Users/egecan/.m2/repository/io/netty/netty-handler-proxy/4.1.60.Final/netty-handler-proxy-4.1.60.Final.jar:/Users/egecan/.m2/repository/io/netty/netty-transport-native-epoll/4.1.60.Final/netty-transport-native-epoll-4.1.60.Final-linux-x86_64.jar:/Users/egecan/.m2/repository/io/netty/netty-transport-native-kqueue/4.1.60.Final/netty-transport-native-kqueue-4.1.60.Final-osx-x86_64.jar:/Users/egecan/.m2/repository/org/reactivestreams/reactive-streams/1.0.3/reactive-streams-1.0.3.jar:/Users/egecan/.m2/repository/com/typesafe/netty/netty-reactive-streams/2.0.4/netty-reactive-streams-2.0.4.jar:/Users/egecan/.m2/repository/com/sun/activation/jakarta.activation/1.2.2/jakarta.activation-1.2.2.jar:/Users/egecan/.m2/repository/org/seleniumhq/selenium/selenium-manager/4.7.1/selenium-manager-4.7.1.jar:/Users/egecan/.m2/repository/org/seleniumhq/selenium/selenium-safari-driver/4.7.1/selenium-safari-driver-4.7.1.jar:/Users/egecan/.m2/repository/org/seleniumhq/selenium/selenium-support/4.7.1/selenium-support-4.7.1.jar:/Users/egecan/.m2/repository/org/seleniumhq/selenium/selenium-api/4.7.1/selenium-api-4.7.1.jar:/Users/egecan/.m2/repository/commons-io/commons-io/2.11.0/commons-io-2.11.0.jar:/Users/egecan/.m2/repository/io/github/umutayb/Mobileib/0.5.6/Mobileib-0.5.6.jar:/Users/egecan/.m2/repository/io/github/umutayb/Utilities/1.1.6/Utilities-1.1.6.jar:/Users/egecan/.m2/repository/com/squareup/retrofit2/converter-jackson/2.9.0/converter-jackson-2.9.0.jar:/Users/egecan/.m2/repository/org/apache/poi/poi/5.2.2/poi-5.2.2.jar:/Users/egecan/.m2/repository/org/apache/commons/commons-collections4/4.4/commons-collections4-4.4.jar:/Users/egecan/.m2/repository/org/apache/commons/commons-math3/3.6.1/commons-math3-3.6.1.jar:/Users/egecan/.m2/repository/com/zaxxer/SparseBitSet/1.2/SparseBitSet-1.2.jar:/Users/egecan/.m2/repository/org/apache/logging/log4j/log4j-api/2.17.2/log4j-api-2.17.2.jar:/Users/egecan/.m2/repository/org/apache/poi/poi-ooxml/5.2.2/poi-ooxml-5.2.2.jar:/Users/egecan/.m2/repository/org/apache/poi/poi-ooxml-lite/5.2.2/poi-ooxml-lite-5.2.2.jar:/Users/egecan/.m2/repository/org/apache/xmlbeans/xmlbeans/5.0.3/xmlbeans-5.0.3.jar:/Users/egecan/.m2/repository/org/apache/commons/commons-compress/1.21/commons-compress-1.21.jar:/Users/egecan/.m2/repository/com/github/virtuald/curvesapi/1.07/curvesapi-1.07.jar:/Users/egecan/.m2/repository/org/apache/httpcomponents/httpclient/4.5.13/httpclient-4.5.13.jar:/Users/egecan/.m2/repository/org/apache/httpcomponents/httpcore/4.4.13/httpcore-4.4.13.jar:/Users/egecan/.m2/repository/commons-logging/commons-logging/1.2/commons-logging-1.2.jar:/Users/egecan/.m2/repository/com/googlecode/json-simple/json-simple/1.1.1/json-simple-1.1.1.jar:/Users/egecan/.m2/repository/javax/mail/javax.mail-api/1.6.2/javax.mail-api-1.6.2.jar:/Users/egecan/.m2/repository/com/sun/mail/javax.mail/1.6.2/javax.mail-1.6.2.jar:/Users/egecan/.m2/repository/javax/activation/activation/1.1/activation-1.1.jar:/Users/egecan/.m2/repository/io/appium/java-client/8.2.0/java-client-8.2.0.jar:/Users/egecan/.m2/repository/commons-codec/commons-codec/1.15/commons-codec-1.15.jar:/Users/egecan/.m2/repository/cglib/cglib/3.3.0/cglib-3.3.0.jar:/Users/egecan/.m2/repository/org/ow2/asm/asm/7.1/asm-7.1.jar:/Users/egecan/.m2/repository/commons-validator/commons-validator/1.7/commons-validator-1.7.jar:/Users/egecan/.m2/repository/commons-beanutils/commons-beanutils/1.9.4/commons-beanutils-1.9.4.jar:/Users/egecan/.m2/repository/commons-digester/commons-digester/2.1/commons-digester-2.1.jar:/Users/egecan/.m2/repository/commons-collections/commons-collections/3.2.2/commons-collections-3.2.2.jar:/Users/egecan/.m2/repository/org/slf4j/slf4j-api/1.7.36/slf4j-api-1.7.36.jar:/Users/egecan/.m2/repository/com/google/code/gson/gson/2.9.0/gson-2.9.0.jar:/Users/egecan/.m2/repository/com/squareup/okhttp3/okhttp/4.10.0/okhttp-4.10.0.jar:/Users/egecan/.m2/repository/com/squareup/okio/okio-jvm/3.0.0/okio-jvm-3.0.0.jar:/Users/egecan/.m2/repository/org/jetbrains/kotlin/kotlin-stdlib-common/1.5.31/kotlin-stdlib-common-1.5.31.jar:/Users/egecan/.m2/repository/org/jetbrains/kotlin/kotlin-stdlib/1.6.20/kotlin-stdlib-1.6.20.jar:/Users/egecan/.m2/repository/org/jetbrains/annotations/13.0/annotations-13.0.jar:/Users/egecan/.m2/repository/com/squareup/okhttp3/logging-interceptor/4.10.0/logging-interceptor-4.10.0.jar:/Users/egecan/.m2/repository/org/jetbrains/kotlin/kotlin-stdlib-jdk8/1.6.10/kotlin-stdlib-jdk8-1.6.10.jar:/Users/egecan/.m2/repository/org/jetbrains/kotlin/kotlin-stdlib-jdk7/1.6.10/kotlin-stdlib-jdk7-1.6.10.jar:/Users/egecan/.m2/repository/com/squareup/retrofit2/adapter-rxjava/2.9.0/adapter-rxjava-2.9.0.jar:/Users/egecan/.m2/repository/io/reactivex/rxjava/1.3.8/rxjava-1.3.8.jar:/Users/egecan/.m2/repository/com/squareup/retrofit2/converter-gson/2.9.0/converter-gson-2.9.0.jar:/Users/egecan/.m2/repository/com/squareup/retrofit2/retrofit/2.9.0/retrofit-2.9.0.jar:/Users/egecan/.m2/repository/com/squareup/retrofit2/converter-scalars/2.9.0/converter-scalars-2.9.0.jar:/Users/egecan/.m2/repository/com/squareup/retrofit2/converter-simplexml/2.9.0/converter-simplexml-2.9.0.jar:/Users/egecan/.m2/repository/org/simpleframework/simple-xml/2.7.1/simple-xml-2.7.1.jar:/Users/egecan/.m2/repository/stax/stax-api/1.0.1/stax-api-1.0.1.jar:/Users/egecan/.m2/repository/stax/stax/1.2.0/stax-1.2.0.jar:/Users/egecan/.m2/repository/xpp3/xpp3/1.1.3.3/xpp3-1.1.3.3.jar:/Users/egecan/.m2/repository/com/squareup/retrofit2/converter-moshi/2.9.0/converter-moshi-2.9.0.jar:/Users/egecan/.m2/repository/com/squareup/moshi/moshi/1.8.0/moshi-1.8.0.jar:/Users/egecan/.m2/repository/com/squareup/okio/okio/1.16.0/okio-1.16.0.jar:/Users/egecan/.m2/repository/com/squareup/retrofit2/converter-protobuf/2.9.0/converter-protobuf-2.9.0.jar:/Users/egecan/.m2/repository/com/google/protobuf/protobuf-java/3.10.0/protobuf-java-3.10.0.jar:/Users/egecan/.m2/repository/com/squareup/retrofit2/converter-wire/2.9.0/converter-wire-2.9.0.jar:/Users/egecan/.m2/repository/com/squareup/wire/wire-runtime/2.2.0/wire-runtime-2.2.0.jar:/Users/egecan/.m2/repository/com/github/webdriverextensions/webdriverextensions/3.11.2/webdriverextensions-3.11.2.jar:/Users/egecan/.m2/repository/com/sun/codemodel/codemodel/2.6/codemodel-2.6.jar:/Users/egecan/.m2/repository/org/apache/commons/commons-lang3/3.9/commons-lang3-3.9.jar:/Users/egecan/.m2/repository/com/googlecode/lambdaj/lambdaj/2.3.3/lambdaj-2.3.3.jar:/Users/egecan/.m2/repository/org/hamcrest/hamcrest-all/1.1/hamcrest-all-1.1.jar:/Users/egecan/.m2/repository/org/objenesis/objenesis/1.2/objenesis-1.2.jar:/Users/egecan/.m2/repository/cglib/cglib-nodep/2.2/cglib-nodep-2.2.jar:/Users/egecan/.m2/repository/org/seleniumhq/selenium/htmlunit-driver/2.35.1/htmlunit-driver-2.35.1.jar:/Users/egecan/.m2/repository/net/sourceforge/htmlunit/htmlunit/2.35.0/htmlunit-2.35.0.jar:/Users/egecan/.m2/repository/xalan/xalan/2.7.2/xalan-2.7.2.jar:/Users/egecan/.m2/repository/xalan/serializer/2.7.2/serializer-2.7.2.jar:/Users/egecan/.m2/repository/org/apache/commons/commons-text/1.6/commons-text-1.6.jar:/Users/egecan/.m2/repository/org/apache/httpcomponents/httpmime/4.5.8/httpmime-4.5.8.jar:/Users/egecan/.m2/repository/net/sourceforge/htmlunit/htmlunit-core-js/2.35.0/htmlunit-core-js-2.35.0.jar:/Users/egecan/.m2/repository/net/sourceforge/htmlunit/neko-htmlunit/2.35.0/neko-htmlunit-2.35.0.jar:/Users/egecan/.m2/repository/xerces/xercesImpl/2.12.0/xercesImpl-2.12.0.jar:/Users/egecan/.m2/repository/xml-apis/xml-apis/1.4.01/xml-apis-1.4.01.jar:/Users/egecan/.m2/repository/net/sourceforge/htmlunit/htmlunit-cssparser/1.4.0/htmlunit-cssparser-1.4.0.jar:/Users/egecan/.m2/repository/commons-net/commons-net/3.6/commons-net-3.6.jar:/Users/egecan/.m2/repository/org/eclipse/jetty/websocket/websocket-client/9.4.16.v20190411/websocket-client-9.4.16.v20190411.jar:/Users/egecan/.m2/repository/org/eclipse/jetty/jetty-client/9.4.16.v20190411/jetty-client-9.4.16.v20190411.jar:/Users/egecan/.m2/repository/org/eclipse/jetty/jetty-http/9.4.16.v20190411/jetty-http-9.4.16.v20190411.jar:/Users/egecan/.m2/repository/org/eclipse/jetty/jetty-xml/9.4.16.v20190411/jetty-xml-9.4.16.v20190411.jar:/Users/egecan/.m2/repository/org/eclipse/jetty/jetty-util/9.4.16.v20190411/jetty-util-9.4.16.v20190411.jar:/Users/egecan/.m2/repository/org/eclipse/jetty/jetty-io/9.4.16.v20190411/jetty-io-9.4.16.v20190411.jar:/Users/egecan/.m2/repository/org/eclipse/jetty/websocket/websocket-common/9.4.16.v20190411/websocket-common-9.4.16.v20190411.jar:/Users/egecan/.m2/repository/org/eclipse/jetty/websocket/websocket-api/9.4.16.v20190411/websocket-api-9.4.16.v20190411.jar:/Users/egecan/.m2/repository/com/codeborne/phantomjsdriver/1.4.4/phantomjsdriver-1.4.4.jar:/Users/egecan/.m2/repository/net/java/dev/jna/jna-platform/5.3.1/jna-platform-5.3.1.jar:/Users/egecan/.m2/repository/net/java/dev/jna/jna/5.3.1/jna-5.3.1.jar:/Users/egecan/.m2/repository/com/fasterxml/jackson/core/jackson-databind/2.12.6.1/jackson-databind-2.12.6.1.jar:/Users/egecan/.m2/repository/com/fasterxml/jackson/core/jackson-annotations/2.12.6/jackson-annotations-2.12.6.jar:/Users/egecan/.m2/repository/com/fasterxml/jackson/core/jackson-core/2.12.6/jackson-core-2.12.6.jar:/Users/egecan/.m2/repository/org/projectlombok/lombok/1.18.26/lombok-1.18.26.jar:"/>
    <property name="java.vm.vendor" value="Oracle Corporation"/>
    <property name="sun.arch.data.model" value="64"/>
    <property name="java.vendor.url" value="https://java.oracle.com/"/>
    <property name="os.name" value="Mac OS X"/>
    <property name="java.vm.specification.version" value="19"/>
    <property name="sun.java.launcher" value="SUN_STANDARD"/>
    <property name="user.country" value="TR"/>
    <property name="sun.boot.library.path" value="/Users/egecan/Library/Java/JavaVirtualMachines/openjdk-19.0.1/Contents/Home/lib"/>
    <property name="sun.java.command" value="/Users/egecan/Documents/GitHub/Appium-Test-Sample/target/surefire/surefirebooter2365259250561157063.jar /Users/egecan/Documents/GitHub/Appium-Test-Sample/target/surefire 2023-03-11T21-31-23_015-jvmRun1 surefire13984091419968056909tmp surefire_05052897385365050163tmp"/>
    <property name="http.nonProxyHosts" value="local|*.local|169.254/16|*.169.254/16"/>
    <property name="jdk.debug" value="release"/>
    <property name="surefire.test.class.path" value="/Users/egecan/Documents/GitHub/Appium-Test-Sample/target/test-classes:/Users/egecan/Documents/GitHub/Appium-Test-Sample/target/classes:/Users/egecan/.m2/repository/junit/junit/4.11/junit-4.11.jar:/Users/egecan/.m2/repository/org/hamcrest/hamcrest-core/1.3/hamcrest-core-1.3.jar:/Users/egecan/.m2/repository/io/cucumber/cucumber-java/7.10.1/cucumber-java-7.10.1.jar:/Users/egecan/.m2/repository/org/apiguardian/apiguardian-api/1.1.2/apiguardian-api-1.1.2.jar:/Users/egecan/.m2/repository/io/cucumber/cucumber-core/7.10.1/cucumber-core-7.10.1.jar:/Users/egecan/.m2/repository/io/cucumber/cucumber-gherkin/7.10.1/cucumber-gherkin-7.10.1.jar:/Users/egecan/.m2/repository/io/cucumber/cucumber-gherkin-messages/7.10.1/cucumber-gherkin-messages-7.10.1.jar:/Users/egecan/.m2/repository/io/cucumber/gherkin/25.0.2/gherkin-25.0.2.jar:/Users/egecan/.m2/repository/io/cucumber/messages/19.1.4/messages-19.1.4.jar:/Users/egecan/.m2/repository/io/cucumber/tag-expressions/4.1.0/tag-expressions-4.1.0.jar:/Users/egecan/.m2/repository/io/cucumber/cucumber-expressions/16.1.1/cucumber-expressions-16.1.1.jar:/Users/egecan/.m2/repository/io/cucumber/cucumber-plugin/7.10.1/cucumber-plugin-7.10.1.jar:/Users/egecan/.m2/repository/io/cucumber/docstring/7.10.1/docstring-7.10.1.jar:/Users/egecan/.m2/repository/io/cucumber/html-formatter/20.2.0/html-formatter-20.2.0.jar:/Users/egecan/.m2/repository/io/cucumber/ci-environment/9.1.0/ci-environment-9.1.0.jar:/Users/egecan/.m2/repository/io/cucumber/cucumber-junit/7.10.1/cucumber-junit-7.10.1.jar:/Users/egecan/.m2/repository/io/cucumber/datatable/7.10.1/datatable-7.10.1.jar:/Users/egecan/.m2/repository/io/cucumber/datatable-dependencies/3.0.0/datatable-dependencies-3.0.0.jar:/Users/egecan/.m2/repository/org/seleniumhq/selenium/selenium-java/4.7.1/selenium-java-4.7.1.jar:/Users/egecan/.m2/repository/org/seleniumhq/selenium/selenium-chrome-driver/4.7.1/selenium-chrome-driver-4.7.1.jar:/Users/egecan/.m2/repository/com/google/auto/service/auto-service-annotations/1.0.1/auto-service-annotations-1.0.1.jar:/Users/egecan/.m2/repository/com/google/auto/service/auto-service/1.0.1/auto-service-1.0.1.jar:/Users/egecan/.m2/repository/com/google/auto/auto-common/1.2/auto-common-1.2.jar:/Users/egecan/.m2/repository/com/google/guava/guava/31.1-jre/guava-31.1-jre.jar:/Users/egecan/.m2/repository/com/google/guava/failureaccess/1.0.1/failureaccess-1.0.1.jar:/Users/egecan/.m2/repository/com/google/guava/listenablefuture/9999.0-empty-to-avoid-conflict-with-guava/listenablefuture-9999.0-empty-to-avoid-conflict-with-guava.jar:/Users/egecan/.m2/repository/com/google/code/findbugs/jsr305/3.0.2/jsr305-3.0.2.jar:/Users/egecan/.m2/repository/org/checkerframework/checker-qual/3.12.0/checker-qual-3.12.0.jar:/Users/egecan/.m2/repository/com/google/errorprone/error_prone_annotations/2.11.0/error_prone_annotations-2.11.0.jar:/Users/egecan/.m2/repository/com/google/j2objc/j2objc-annotations/1.3/j2objc-annotations-1.3.jar:/Users/egecan/.m2/repository/org/seleniumhq/selenium/selenium-chromium-driver/4.7.1/selenium-chromium-driver-4.7.1.jar:/Users/egecan/.m2/repository/org/seleniumhq/selenium/selenium-json/4.7.1/selenium-json-4.7.1.jar:/Users/egecan/.m2/repository/org/seleniumhq/selenium/selenium-devtools-v106/4.7.1/selenium-devtools-v106-4.7.1.jar:/Users/egecan/.m2/repository/org/seleniumhq/selenium/selenium-devtools-v107/4.7.1/selenium-devtools-v107-4.7.1.jar:/Users/egecan/.m2/repository/org/seleniumhq/selenium/selenium-devtools-v108/4.7.1/selenium-devtools-v108-4.7.1.jar:/Users/egecan/.m2/repository/org/seleniumhq/selenium/selenium-devtools-v85/4.7.1/selenium-devtools-v85-4.7.1.jar:/Users/egecan/.m2/repository/org/seleniumhq/selenium/selenium-edge-driver/4.7.1/selenium-edge-driver-4.7.1.jar:/Users/egecan/.m2/repository/org/seleniumhq/selenium/selenium-firefox-driver/4.7.1/selenium-firefox-driver-4.7.1.jar:/Users/egecan/.m2/repository/org/seleniumhq/selenium/selenium-http/4.7.1/selenium-http-4.7.1.jar:/Users/egecan/.m2/repository/dev/failsafe/failsafe/3.3.0/failsafe-3.3.0.jar:/Users/egecan/.m2/repository/org/seleniumhq/selenium/selenium-ie-driver/4.7.1/selenium-ie-driver-4.7.1.jar:/Users/egecan/.m2/repository/org/seleniumhq/selenium/selenium-remote-driver/4.7.1/selenium-remote-driver-4.7.1.jar:/Users/egecan/.m2/repository/com/beust/jcommander/1.82/jcommander-1.82.jar:/Users/egecan/.m2/repository/io/netty/netty-buffer/4.1.84.Final/netty-buffer-4.1.84.Final.jar:/Users/egecan/.m2/repository/io/netty/netty-codec-http/4.1.84.Final/netty-codec-http-4.1.84.Final.jar:/Users/egecan/.m2/repository/io/netty/netty-codec/4.1.84.Final/netty-codec-4.1.84.Final.jar:/Users/egecan/.m2/repository/io/netty/netty-handler/4.1.84.Final/netty-handler-4.1.84.Final.jar:/Users/egecan/.m2/repository/io/netty/netty-common/4.1.84.Final/netty-common-4.1.84.Final.jar:/Users/egecan/.m2/repository/io/netty/netty-transport-classes-epoll/4.1.84.Final/netty-transport-classes-epoll-4.1.84.Final.jar:/Users/egecan/.m2/repository/io/netty/netty-transport-classes-kqueue/4.1.84.Final/netty-transport-classes-kqueue-4.1.84.Final.jar:/Users/egecan/.m2/repository/io/netty/netty-transport-native-epoll/4.1.84.Final/netty-transport-native-epoll-4.1.84.Final.jar:/Users/egecan/.m2/repository/io/netty/netty-transport-native-kqueue/4.1.84.Final/netty-transport-native-kqueue-4.1.84.Final.jar:/Users/egecan/.m2/repository/io/netty/netty-transport-native-unix-common/4.1.84.Final/netty-transport-native-unix-common-4.1.84.Final.jar:/Users/egecan/.m2/repository/io/netty/netty-transport/4.1.84.Final/netty-transport-4.1.84.Final.jar:/Users/egecan/.m2/repository/io/netty/netty-resolver/4.1.84.Final/netty-resolver-4.1.84.Final.jar:/Users/egecan/.m2/repository/io/opentelemetry/opentelemetry-api/1.19.0/opentelemetry-api-1.19.0.jar:/Users/egecan/.m2/repository/io/opentelemetry/opentelemetry-context/1.19.0/opentelemetry-context-1.19.0.jar:/Users/egecan/.m2/repository/io/opentelemetry/opentelemetry-exporter-logging/1.19.0/opentelemetry-exporter-logging-1.19.0.jar:/Users/egecan/.m2/repository/io/opentelemetry/opentelemetry-sdk-metrics/1.19.0/opentelemetry-sdk-metrics-1.19.0.jar:/Users/egecan/.m2/repository/io/opentelemetry/opentelemetry-sdk-logs/1.19.0-alpha/opentelemetry-sdk-logs-1.19.0-alpha.jar:/Users/egecan/.m2/repository/io/opentelemetry/opentelemetry-api-logs/1.19.0-alpha/opentelemetry-api-logs-1.19.0-alpha.jar:/Users/egecan/.m2/repository/io/opentelemetry/opentelemetry-sdk-common/1.19.0/opentelemetry-sdk-common-1.19.0.jar:/Users/egecan/.m2/repository/io/opentelemetry/opentelemetry-sdk-extension-autoconfigure-spi/1.19.0/opentelemetry-sdk-extension-autoconfigure-spi-1.19.0.jar:/Users/egecan/.m2/repository/io/opentelemetry/opentelemetry-sdk-extension-autoconfigure/1.19.0-alpha/opentelemetry-sdk-extension-autoconfigure-1.19.0-alpha.jar:/Users/egecan/.m2/repository/io/opentelemetry/opentelemetry-exporter-common/1.19.0/opentelemetry-exporter-common-1.19.0.jar:/Users/egecan/.m2/repository/io/opentelemetry/opentelemetry-sdk-trace/1.19.0/opentelemetry-sdk-trace-1.19.0.jar:/Users/egecan/.m2/repository/io/opentelemetry/opentelemetry-sdk/1.19.0/opentelemetry-sdk-1.19.0.jar:/Users/egecan/.m2/repository/io/opentelemetry/opentelemetry-semconv/1.19.0-alpha/opentelemetry-semconv-1.19.0-alpha.jar:/Users/egecan/.m2/repository/io/ous/jtoml/2.0.0/jtoml-2.0.0.jar:/Users/egecan/.m2/repository/net/bytebuddy/byte-buddy/1.12.18/byte-buddy-1.12.18.jar:/Users/egecan/.m2/repository/org/apache/commons/commons-exec/1.3/commons-exec-1.3.jar:/Users/egecan/.m2/repository/org/asynchttpclient/async-http-client/2.12.3/async-http-client-2.12.3.jar:/Users/egecan/.m2/repository/org/asynchttpclient/async-http-client-netty-utils/2.12.3/async-http-client-netty-utils-2.12.3.jar:/Users/egecan/.m2/repository/io/netty/netty-codec-socks/4.1.60.Final/netty-codec-socks-4.1.60.Final.jar:/Users/egecan/.m2/repository/io/netty/netty-handler-proxy/4.1.60.Final/netty-handler-proxy-4.1.60.Final.jar:/Users/egecan/.m2/repository/io/netty/netty-transport-native-epoll/4.1.60.Final/netty-transport-native-epoll-4.1.60.Final-linux-x86_64.jar:/Users/egecan/.m2/repository/io/netty/netty-transport-native-kqueue/4.1.60.Final/netty-transport-native-kqueue-4.1.60.Final-osx-x86_64.jar:/Users/egecan/.m2/repository/org/reactivestreams/reactive-streams/1.0.3/reactive-streams-1.0.3.jar:/Users/egecan/.m2/repository/com/typesafe/netty/netty-reactive-streams/2.0.4/netty-reactive-streams-2.0.4.jar:/Users/egecan/.m2/repository/com/sun/activation/jakarta.activation/1.2.2/jakarta.activation-1.2.2.jar:/Users/egecan/.m2/repository/org/seleniumhq/selenium/selenium-manager/4.7.1/selenium-manager-4.7.1.jar:/Users/egecan/.m2/repository/org/seleniumhq/selenium/selenium-safari-driver/4.7.1/selenium-safari-driver-4.7.1.jar:/Users/egecan/.m2/repository/org/seleniumhq/selenium/selenium-support/4.7.1/selenium-support-4.7.1.jar:/Users/egecan/.m2/repository/org/seleniumhq/selenium/selenium-api/4.7.1/selenium-api-4.7.1.jar:/Users/egecan/.m2/repository/commons-io/commons-io/2.11.0/commons-io-2.11.0.jar:/Users/egecan/.m2/repository/io/github/umutayb/Mobileib/0.5.6/Mobileib-0.5.6.jar:/Users/egecan/.m2/repository/io/github/umutayb/Utilities/1.1.6/Utilities-1.1.6.jar:/Users/egecan/.m2/repository/com/squareup/retrofit2/converter-jackson/2.9.0/converter-jackson-2.9.0.jar:/Users/egecan/.m2/repository/org/apache/poi/poi/5.2.2/poi-5.2.2.jar:/Users/egecan/.m2/repository/org/apache/commons/commons-collections4/4.4/commons-collections4-4.4.jar:/Users/egecan/.m2/repository/org/apache/commons/commons-math3/3.6.1/commons-math3-3.6.1.jar:/Users/egecan/.m2/repository/com/zaxxer/SparseBitSet/1.2/SparseBitSet-1.2.jar:/Users/egecan/.m2/repository/org/apache/logging/log4j/log4j-api/2.17.2/log4j-api-2.17.2.jar:/Users/egecan/.m2/repository/org/apache/poi/poi-ooxml/5.2.2/poi-ooxml-5.2.2.jar:/Users/egecan/.m2/repository/org/apache/poi/poi-ooxml-lite/5.2.2/poi-ooxml-lite-5.2.2.jar:/Users/egecan/.m2/repository/org/apache/xmlbeans/xmlbeans/5.0.3/xmlbeans-5.0.3.jar:/Users/egecan/.m2/repository/org/apache/commons/commons-compress/1.21/commons-compress-1.21.jar:/Users/egecan/.m2/repository/com/github/virtuald/curvesapi/1.07/curvesapi-1.07.jar:/Users/egecan/.m2/repository/org/apache/httpcomponents/httpclient/4.5.13/httpclient-4.5.13.jar:/Users/egecan/.m2/repository/org/apache/httpcomponents/httpcore/4.4.13/httpcore-4.4.13.jar:/Users/egecan/.m2/repository/commons-logging/commons-logging/1.2/commons-logging-1.2.jar:/Users/egecan/.m2/repository/com/googlecode/json-simple/json-simple/1.1.1/json-simple-1.1.1.jar:/Users/egecan/.m2/repository/javax/mail/javax.mail-api/1.6.2/javax.mail-api-1.6.2.jar:/Users/egecan/.m2/repository/com/sun/mail/javax.mail/1.6.2/javax.mail-1.6.2.jar:/Users/egecan/.m2/repository/javax/activation/activation/1.1/activation-1.1.jar:/Users/egecan/.m2/repository/io/appium/java-client/8.2.0/java-client-8.2.0.jar:/Users/egecan/.m2/repository/commons-codec/commons-codec/1.15/commons-codec-1.15.jar:/Users/egecan/.m2/repository/cglib/cglib/3.3.0/cglib-3.3.0.jar:/Users/egecan/.m2/repository/org/ow2/asm/asm/7.1/asm-7.1.jar:/Users/egecan/.m2/repository/commons-validator/commons-validator/1.7/commons-validator-1.7.jar:/Users/egecan/.m2/repository/commons-beanutils/commons-beanutils/1.9.4/commons-beanutils-1.9.4.jar:/Users/egecan/.m2/repository/commons-digester/commons-digester/2.1/commons-digester-2.1.jar:/Users/egecan/.m2/repository/commons-collections/commons-collections/3.2.2/commons-collections-3.2.2.jar:/Users/egecan/.m2/repository/org/slf4j/slf4j-api/1.7.36/slf4j-api-1.7.36.jar:/Users/egecan/.m2/repository/com/google/code/gson/gson/2.9.0/gson-2.9.0.jar:/Users/egecan/.m2/repository/com/squareup/okhttp3/okhttp/4.10.0/okhttp-4.10.0.jar:/Users/egecan/.m2/repository/com/squareup/okio/okio-jvm/3.0.0/okio-jvm-3.0.0.jar:/Users/egecan/.m2/repository/org/jetbrains/kotlin/kotlin-stdlib-common/1.5.31/kotlin-stdlib-common-1.5.31.jar:/Users/egecan/.m2/repository/org/jetbrains/kotlin/kotlin-stdlib/1.6.20/kotlin-stdlib-1.6.20.jar:/Users/egecan/.m2/repository/org/jetbrains/annotations/13.0/annotations-13.0.jar:/Users/egecan/.m2/repository/com/squareup/okhttp3/logging-interceptor/4.10.0/logging-interceptor-4.10.0.jar:/Users/egecan/.m2/repository/org/jetbrains/kotlin/kotlin-stdlib-jdk8/1.6.10/kotlin-stdlib-jdk8-1.6.10.jar:/Users/egecan/.m2/repository/org/jetbrains/kotlin/kotlin-stdlib-jdk7/1.6.10/kotlin-stdlib-jdk7-1.6.10.jar:/Users/egecan/.m2/repository/com/squareup/retrofit2/adapter-rxjava/2.9.0/adapter-rxjava-2.9.0.jar:/Users/egecan/.m2/repository/io/reactivex/rxjava/1.3.8/rxjava-1.3.8.jar:/Users/egecan/.m2/repository/com/squareup/retrofit2/converter-gson/2.9.0/converter-gson-2.9.0.jar:/Users/egecan/.m2/repository/com/squareup/retrofit2/retrofit/2.9.0/retrofit-2.9.0.jar:/Users/egecan/.m2/repository/com/squareup/retrofit2/converter-scalars/2.9.0/converter-scalars-2.9.0.jar:/Users/egecan/.m2/repository/com/squareup/retrofit2/converter-simplexml/2.9.0/converter-simplexml-2.9.0.jar:/Users/egecan/.m2/repository/org/simpleframework/simple-xml/2.7.1/simple-xml-2.7.1.jar:/Users/egecan/.m2/repository/stax/stax-api/1.0.1/stax-api-1.0.1.jar:/Users/egecan/.m2/repository/stax/stax/1.2.0/stax-1.2.0.jar:/Users/egecan/.m2/repository/xpp3/xpp3/1.1.3.3/xpp3-1.1.3.3.jar:/Users/egecan/.m2/repository/com/squareup/retrofit2/converter-moshi/2.9.0/converter-moshi-2.9.0.jar:/Users/egecan/.m2/repository/com/squareup/moshi/moshi/1.8.0/moshi-1.8.0.jar:/Users/egecan/.m2/repository/com/squareup/okio/okio/1.16.0/okio-1.16.0.jar:/Users/egecan/.m2/repository/com/squareup/retrofit2/converter-protobuf/2.9.0/converter-protobuf-2.9.0.jar:/Users/egecan/.m2/repository/com/google/protobuf/protobuf-java/3.10.0/protobuf-java-3.10.0.jar:/Users/egecan/.m2/repository/com/squareup/retrofit2/converter-wire/2.9.0/converter-wire-2.9.0.jar:/Users/egecan/.m2/repository/com/squareup/wire/wire-runtime/2.2.0/wire-runtime-2.2.0.jar:/Users/egecan/.m2/repository/com/github/webdriverextensions/webdriverextensions/3.11.2/webdriverextensions-3.11.2.jar:/Users/egecan/.m2/repository/com/sun/codemodel/codemodel/2.6/codemodel-2.6.jar:/Users/egecan/.m2/repository/org/apache/commons/commons-lang3/3.9/commons-lang3-3.9.jar:/Users/egecan/.m2/repository/com/googlecode/lambdaj/lambdaj/2.3.3/lambdaj-2.3.3.jar:/Users/egecan/.m2/repository/org/hamcrest/hamcrest-all/1.1/hamcrest-all-1.1.jar:/Users/egecan/.m2/repository/org/objenesis/objenesis/1.2/objenesis-1.2.jar:/Users/egecan/.m2/repository/cglib/cglib-nodep/2.2/cglib-nodep-2.2.jar:/Users/egecan/.m2/repository/org/seleniumhq/selenium/htmlunit-driver/2.35.1/htmlunit-driver-2.35.1.jar:/Users/egecan/.m2/repository/net/sourceforge/htmlunit/htmlunit/2.35.0/htmlunit-2.35.0.jar:/Users/egecan/.m2/repository/xalan/xalan/2.7.2/xalan-2.7.2.jar:/Users/egecan/.m2/repository/xalan/serializer/2.7.2/serializer-2.7.2.jar:/Users/egecan/.m2/repository/org/apache/commons/commons-text/1.6/commons-text-1.6.jar:/Users/egecan/.m2/repository/org/apache/httpcomponents/httpmime/4.5.8/httpmime-4.5.8.jar:/Users/egecan/.m2/repository/net/sourceforge/htmlunit/htmlunit-core-js/2.35.0/htmlunit-core-js-2.35.0.jar:/Users/egecan/.m2/repository/net/sourceforge/htmlunit/neko-htmlunit/2.35.0/neko-htmlunit-2.35.0.jar:/Users/egecan/.m2/repository/xerces/xercesImpl/2.12.0/xercesImpl-2.12.0.jar:/Users/egecan/.m2/repository/xml-apis/xml-apis/1.4.01/xml-apis-1.4.01.jar:/Users/egecan/.m2/repository/net/sourceforge/htmlunit/htmlunit-cssparser/1.4.0/htmlunit-cssparser-1.4.0.jar:/Users/egecan/.m2/repository/commons-net/commons-net/3.6/commons-net-3.6.jar:/Users/egecan/.m2/repository/org/eclipse/jetty/websocket/websocket-client/9.4.16.v20190411/websocket-client-9.4.16.v20190411.jar:/Users/egecan/.m2/repository/org/eclipse/jetty/jetty-client/9.4.16.v20190411/jetty-client-9.4.16.v20190411.jar:/Users/egecan/.m2/repository/org/eclipse/jetty/jetty-http/9.4.16.v20190411/jetty-http-9.4.16.v20190411.jar:/Users/egecan/.m2/repository/org/eclipse/jetty/jetty-xml/9.4.16.v20190411/jetty-xml-9.4.16.v20190411.jar:/Users/egecan/.m2/repository/org/eclipse/jetty/jetty-util/9.4.16.v20190411/jetty-util-9.4.16.v20190411.jar:/Users/egecan/.m2/repository/org/eclipse/jetty/jetty-io/9.4.16.v20190411/jetty-io-9.4.16.v20190411.jar:/Users/egecan/.m2/repository/org/eclipse/jetty/websocket/websocket-common/9.4.16.v20190411/websocket-common-9.4.16.v20190411.jar:/Users/egecan/.m2/repository/org/eclipse/jetty/websocket/websocket-api/9.4.16.v20190411/websocket-api-9.4.16.v20190411.jar:/Users/egecan/.m2/repository/com/codeborne/phantomjsdriver/1.4.4/phantomjsdriver-1.4.4.jar:/Users/egecan/.m2/repository/net/java/dev/jna/jna-platform/5.3.1/jna-platform-5.3.1.jar:/Users/egecan/.m2/repository/net/java/dev/jna/jna/5.3.1/jna-5.3.1.jar:/Users/egecan/.m2/repository/com/fasterxml/jackson/core/jackson-databind/2.12.6.1/jackson-databind-2.12.6.1.jar:/Users/egecan/.m2/repository/com/fasterxml/jackson/core/jackson-annotations/2.12.6/jackson-annotations-2.12.6.jar:/Users/egecan/.m2/repository/com/fasterxml/jackson/core/jackson-core/2.12.6/jackson-core-2.12.6.jar:/Users/egecan/.m2/repository/org/projectlombok/lombok/1.18.26/lombok-1.18.26.jar:"/>
    <property name="sun.cpu.endian" value="little"/>
    <property name="user.home" value="/Users/egecan"/>
    <property name="user.language" value="en"/>
    <property name="java.specification.vendor" value="Oracle Corporation"/>
    <property name="java.version.date" value="2022-10-18"/>
    <property name="java.home" value="/Users/egecan/Library/Java/JavaVirtualMachines/openjdk-19.0.1/Contents/Home"/>
    <property name="file.separator" value="/"/>
    <property name="basedir" value="/Users/egecan/Documents/GitHub/Appium-Test-Sample"/>
    <property name="java.vm.compressedOopsMode" value="Zero based"/>
    <property name="line.separator" value="&#10;"/>
    <property name="java.vm.specification.vendor" value="Oracle Corporation"/>
    <property name="java.specification.name" value="Java Platform API Specification"/>
    <property name="apple.awt.application.name" value="ForkedBooter"/>
    <property name="surefire.real.class.path" value="/Users/egecan/Documents/GitHub/Appium-Test-Sample/target/surefire/surefirebooter2365259250561157063.jar"/>
    <property name="sun.management.compiler" value="HotSpot 64-Bit Tiered Compilers"/>
    <property name="ftp.nonProxyHosts" value="local|*.local|169.254/16|*.169.254/16"/>
    <property name="java.runtime.version" value="19.0.1+10-21"/>
    <property name="user.name" value="egecan"/>
    <property name="stdout.encoding" value="UTF-8"/>
    <property name="path.separator" value=":"/>
    <property name="os.version" value="12.6.3"/>
    <property name="java.runtime.name" value="OpenJDK Runtime Environment"/>
    <property name="file.encoding" value="UTF-8"/>
    <property name="java.vm.name" value="OpenJDK 64-Bit Server VM"/>
    <property name="localRepository" value="/Users/egecan/.m2/repository"/>
    <property name="java.vendor.url.bug" value="https://bugreport.java.com/bugreport/"/>
    <property name="java.io.tmpdir" value="/var/folders/0d/23fg4_n16qzblw9_psy583wh0000gn/T/"/>
    <property name="java.version" value="19.0.1"/>
    <property name="user.dir" value="/Users/egecan/Documents/GitHub/Appium-Test-Sample"/>
    <property name="os.arch" value="x86_64"/>
    <property name="java.vm.specification.name" value="Java Virtual Machine Specification"/>
    <property name="native.encoding" value="UTF-8"/>
    <property name="java.library.path" value="/Users/egecan/Library/Java/Extensions:/Library/Java/Extensions:/Network/Library/Java/Extensions:/System/Library/Java/Extensions:/usr/lib/java:."/>
    <property name="java.vm.info" value="mixed mode, sharing"/>
    <property name="stderr.encoding" value="UTF-8"/>
    <property name="java.vendor" value="Oracle Corporation"/>
    <property name="java.vm.version" value="19.0.1+10-21"/>
    <property name="sun.io.unicode.encoding" value="UnicodeBig"/>
    <property name="socksNonProxyHosts" value="local|*.local|169.254/16|*.169.254/16"/>
    <property name="java.class.version" value="63.0"/>
  </properties>
  <testcase name="Trendyol devam" classname="Trendyol" time="10.264">
    <error message="&amp;#27;[1;33morg.openqa.selenium.SessionNotCreatedException: Could not start a new session. Possible causes are invalid address of the remote server or browser start-up failure. &#10;Host info: host: &apos;MacBook-Pro-3.local&apos;, ip: &apos;192.168.0.13&apos;&amp;#27;[0m" type="java.lang.RuntimeException"><![CDATA[java.lang.RuntimeException: 
&amp#27;[1;33morg.openqa.selenium.SessionNotCreatedException: Could not start a new session. Possible causes are invalid address of the remote server or browser start-up failure. 
Host info: host: 'MacBook-Pro-3.local', ip: '192.168.0.13'&amp#27;[0m
]]></error>
    <system-out><![CDATA[&amp#27;[35m[Appium]&amp#27;[39m Welcome to Appium v2.0.0-beta.57
&amp#27;[35m[Appium]&amp#27;[39m Non-default server args:
&amp#27;[35m[Appium]&amp#27;[39m { port: &amp#27;[33m56606&amp#27;[39m }
&amp#27;[35m[Appium]&amp#27;[39m Attempting to load driver uiautomator2...
[debug] &amp#27;[35m[Appium]&amp#27;[39m Requiring driver at /Users/egecan/.appium/node_modules/appium-uiautomator2-driver
&amp#27;[35m[Appium]&amp#27;[39m Attempting to load driver xcuitest...
[debug] &amp#27;[35m[Appium]&amp#27;[39m Requiring driver at /Users/egecan/.appium/node_modules/appium-xcuitest-driver
&amp#27;[35m[Appium]&amp#27;[39m Appium REST http interface listener started on 0.0.0.0:56606
&amp#27;[35m[Appium]&amp#27;[39m Available drivers:
&amp#27;[35m[Appium]&amp#27;[39m   - uiautomator2@2.12.6 (automationName 'UiAutomator2')
&amp#27;[35m[Appium]&amp#27;[39m   - xcuitest@4.19.0 (automationName 'XCUITest')
&amp#27;[35m[Appium]&amp#27;[39m No plugins have been installed. Use the "appium plugin" command to install the one(s) you want to use.
&amp#27;[38;5;0m[HTTP]&amp#27;[0m &amp#27;[37m-->&amp#27;[39m &amp#27;[37mGET&amp#27;[39m &amp#27;[37m/status&amp#27;[39m
&amp#27;[38;5;0m[HTTP]&amp#27;[0m &amp#27;[90m{}&amp#27;[39m
[debug] &amp#27;[38;5;16m[AppiumDriver@2ef8]&amp#27;[0m Calling AppiumDriver.getStatus() with args: []
[debug] &amp#27;[38;5;16m[AppiumDriver@2ef8]&amp#27;[0m Responding to client with driver.getStatus() result: {"build":{"version":"2.0.0-beta.57"}}
&amp#27;[38;5;0m[HTTP]&amp#27;[0m &amp#27;[37m<-- GET /status &amp#27;[39m&amp#27;[32m200&amp#27;[39m &amp#27;[90m16 ms - 47&amp#27;[39m
&amp#27;[38;5;0m[HTTP]&amp#27;[0m &amp#27;[90m&amp#27;[39m
]]></system-out>
    <system-err><![CDATA[Mar 11, 2023 9:31:25 PM steps.CommonSteps before
INFO: &amp#27;[1;90mRunning: &amp#27;[1;34mTrendyol devam&amp#27;[0m&amp#27;[0m
Mar 11, 2023 9:31:25 PM utils.appium.Driver startService
INFO: &amp#27;[1;90mInitializing appium service&amp#27;[0m
Mar 11, 2023 9:31:25 PM utils.SystemUtilities portIsAvailable
INFO: &amp#27;[1;90mChecking availability of port &amp#27;[1;35m4723&amp#27;[0m&amp#27;[0m
Mar 11, 2023 9:31:25 PM utils.SystemUtilities portIsAvailable
WARNING: &amp#27;[1;33mPort is unavailable!&amp#27;[0m
Mar 11, 2023 9:31:25 PM utils.appium.ServiceFactory startService
INFO: &amp#27;[1;90mStarting service on &amp#27;[1;35m0.0.0.0:56606&amp#27;[0m&amp#27;[0m
SLF4J: Failed to load class "org.slf4j.impl.StaticLoggerBinder".
SLF4J: Defaulting to no-operation (NOP) logger implementation
SLF4J: See http://www.slf4j.org/codes.html#StaticLoggerBinder for further details.
Mar 11, 2023 9:31:34 PM utils.appium.Driver initialize
INFO: &amp#27;[1;90mInitializing appium driver&amp#27;[0m
Mar 11, 2023 9:31:34 PM utils.appium.DriverFactory getConfig
INFO: &amp#27;[1;90mSetting capabilities...&amp#27;[0m
ERROR StatusLogger Log4j2 could not find a logging implementation. Please add log4j-core to the classpath. Using SimpleLogger to log to the console...
Mar 11, 2023 9:31:35 PM utils.appium.DriverFactory getDriver
INFO: &amp#27;[1;90mPlease make sure &amp#27;[1;35mAppium &amp#27;[1;90mis on & verify the port that its running on at 'resources/test.properties'.&amp#27;[0m&amp#27;[0m
Mar 11, 2023 9:31:35 PM steps.CommonSteps kill
WARNING: &amp#27;[1;33mTrendyol devam: FAILED!&amp#27;[0m
Mar 11, 2023 9:31:35 PM utils.appium.Driver terminate
INFO: &amp#27;[1;90mFinalizing driver...&amp#27;[0m
]]></system-err>
  </testcase>
</testsuite>